<?xml version="1.0" encoding="UTF-8"?>
<!-- Generated by org.testng.reporters.JUnitReportReporter -->
<testsuite hostname="DESKTOP-RQUGGSM" failures="0" tests="6" name="automation.RegistrationTest" time="32.700" errors="0" timestamp="2026-01-06T10:33:23 IST" skipped="0">
  <testcase classname="automation.RegistrationTest" name="stateChange_shouldUpdateCities" time="4.692"/>
  <testcase classname="automation.RegistrationTest" name="wrongConfirmPassword_shouldShowError" time="5.724"/>
  <testcase classname="automation.RegistrationTest" name="countryChange_shouldUpdateStates" time="3.691"/>
  <testcase classname="automation.RegistrationTest" name="submitWithAllValidData_shouldSucceed" time="7.865"/>
  <testcase classname="automation.RegistrationTest" name="submitWithoutLastName_shouldShowError" time="4.917"/>
  <testcase classname="automation.RegistrationTest" name="passwordStrength_shouldUpdateCorrectly" time="5.811"/>
</testsuite> <!-- automation.RegistrationTest -->
