<?xml version="1.0" encoding="UTF-8"?>
<!-- Generated by org.testng.reporters.JUnitXMLReporter -->
<testsuite ignored="0" hostname="DESKTOP-RQUGGSM" failures="0" tests="6" name="Default test" time="32.76" errors="0" timestamp="2026-01-06T10:33:23 IST">
  <testcase classname="automation.RegistrationTest" name="countryChange_shouldUpdateStates" time="2.821"/>
  <testcase classname="automation.RegistrationTest" name="passwordStrength_shouldUpdateCorrectly" time="4.933"/>
  <testcase classname="automation.RegistrationTest" name="stateChange_shouldUpdateCities" time="3.823"/>
  <testcase classname="automation.RegistrationTest" name="submitWithAllValidData_shouldSucceed" time="5.235"/>
  <testcase classname="automation.RegistrationTest" name="submitWithoutLastName_shouldShowError" time="4.042"/>
  <testcase classname="automation.RegistrationTest" name="wrongConfirmPassword_shouldShowError" time="4.846"/>
</testsuite> <!-- Default test -->
